<?xml version="1.0" encoding="UTF-8"?>
<!-- Generated by org.testng.reporters.JUnitReportReporter -->
<testsuite hostname="Dell-PC" name="MashreqWebsiteHomePage.Tests" tests="8" failures="0" timestamp="18 Jul 2019 22:09:16 GMT" time="42.431" errors="0">
  <testcase name="varifyHeaderItems" time="2.006" classname="MashreqWebsiteHomePage.Tests"/>
  <testcase name="verify_MashreqNews" time="2.220" classname="MashreqWebsiteHomePage.Tests"/>
  <testcase name="verify_DropDown_IAmLookingTo" time="0.736" classname="MashreqWebsiteHomePage.Tests"/>
  <testcase name="launch_WebSite" time="28.281" classname="MashreqWebsiteHomePage.Tests"/>
  <testcase name="verify_ContactFormPageCases" time="4.442" classname="MashreqWebsiteHomePage.Tests"/>
  <testcase name="verify_SubProduct_DropDown" time="0.838" classname="MashreqWebsiteHomePage.Tests"/>
  <testcase name="verify_ContactUs_Link" time="2.287" classname="MashreqWebsiteHomePage.Tests"/>
  <testcase name="verify_MobileNumber" time="1.621" classname="MashreqWebsiteHomePage.Tests"/>
</testsuite> <!-- MashreqWebsiteHomePage.Tests -->
